<?xml version="1.0" encoding="UTF-8"?>
<!-- Generated by org.testng.reporters.JUnitReportReporter -->
<testsuite hostname="DESKTOP-L05GFEH" failures="0" tests="1" name="Test.AddCustomerTest" time="5.551" errors="0" timestamp="2022-08-03T15:30:47 CDT" skipped="0">
  <testcase classname="Test.AddCustomerTest" name="userShoulBeAbleToAddCustomer" time="5.551"/>
  <system-out/>
</testsuite> <!-- Test.AddCustomerTest -->
