<?xml version="1.0" encoding="UTF-8"?>
<!-- Generated by org.testng.reporters.JUnitReportReporter -->
<testsuite hostname="DESKTOP-L05GFEH" failures="0" tests="1" name="Test.LoginTest" time="2.984" errors="0" timestamp="2022-08-03T13:16:04 CDT" skipped="0">
  <testcase classname="Test.LoginTest" name="validUserNameShouldBeAbleToLogin" time="2.984"/>
  <system-out/>
</testsuite> <!-- Test.LoginTest -->
